<?xml version="1.0" encoding="UTF-8"?>
<!-- Generated by org.testng.reporters.JUnitReportReporter -->
<testsuite hostname="DESKTOP-J1O7A01" failures="0" tests="1" name="campaigns.CreateNewCampaignTest" time="9.637" errors="0" timestamp="2024-01-26T08:32:31 IST" skipped="0">
  <testcase classname="campaigns.CreateNewCampaignTest" name="createNewCampaignTest" time="9.637"/>
  <system-out/>
</testsuite> <!-- campaigns.CreateNewCampaignTest -->
