<?xml version="1.0" encoding="UTF-8"?>
<!-- Generated by org.testng.reporters.JUnitReportReporter -->
<testsuite hostname="DESKTOP-J1O7A01" failures="0" tests="1" name="leads.CreateNewLeadWithIndustryTest" time="10.479" errors="0" timestamp="2024-01-27T12:13:26 IST" skipped="0">
  <testcase classname="leads.CreateNewLeadWithIndustryTest" name="createNewLeadTest" time="10.479"/>
  <system-out/>
</testsuite> <!-- leads.CreateNewLeadWithIndustryTest -->
