<?xml version="1.0" encoding="UTF-8"?>
<!-- Generated by org.testng.reporters.JUnitReportReporter -->
<testsuite hostname="DESKTOP-J1O7A01" failures="0" tests="1" name="leads.CreateNewLeadTest" time="6.094" errors="0" timestamp="2024-01-27T09:57:54 IST" skipped="0">
  <testcase classname="leads.CreateNewLeadTest" name="createNewLeadTest" time="6.094"/>
  <system-out/>
</testsuite> <!-- leads.CreateNewLeadTest -->
