<?xml version="1.0" encoding="UTF-8"?>
<!-- Generated by org.testng.reporters.JUnitReportReporter -->
<testsuite hostname="DESKTOP-J1O7A01" failures="0" tests="1" name="campaigns.CreateNewCampaignTestWithMarketingGroupTest" time="9.483" errors="0" timestamp="2024-01-26T08:41:55 IST" skipped="0">
  <testcase classname="campaigns.CreateNewCampaignTestWithMarketingGroupTest" name="createNewCampaignTestWithMarketingGroupTest" time="9.483"/>
  <system-out/>
</testsuite> <!-- campaigns.CreateNewCampaignTestWithMarketingGroupTest -->
